{"C:\\Users\\Бермет\\Desktop\\lesson-3\\test\\src\\utils.js": {"path":"C:\\Users\\Бермет\\Desktop\\lesson-3\\test\\src\\utils.js","statementMap":{"0":{"start":{"line":2,"column":17},"end":{"line":2,"column":18}},"1":{"start":{"line":3,"column":4},"end":{"line":19,"column":5}},"2":{"start":{"line":4,"column":8},"end":{"line":4,"column":26}},"3":{"start":{"line":5,"column":11},"end":{"line":19,"column":5}},"4":{"start":{"line":6,"column":8},"end":{"line":6,"column":26}},"5":{"start":{"line":7,"column":11},"end":{"line":19,"column":5}},"6":{"start":{"line":8,"column":8},"end":{"line":10,"column":9}},"7":{"start":{"line":8,"column":21},"end":{"line":8,"column":22}},"8":{"start":{"line":9,"column":12},"end":{"line":9,"column":32}},"9":{"start":{"line":11,"column":11},"end":{"line":19,"column":5}},"10":{"start":{"line":12,"column":8},"end":{"line":14,"column":9}},"11":{"start":{"line":12,"column":21},"end":{"line":12,"column":22}},"12":{"start":{"line":13,"column":12},"end":{"line":13,"column":32}},"13":{"start":{"line":16,"column":8},"end":{"line":18,"column":9}},"14":{"start":{"line":16,"column":21},"end":{"line":16,"column":22}},"15":{"start":{"line":17,"column":12},"end":{"line":17,"column":32}},"16":{"start":{"line":21,"column":4},"end":{"line":21,"column":18}},"17":{"start":{"line":24,"column":0},"end":{"line":26,"column":1}}},"fnMap":{"0":{"name":"pow","decl":{"start":{"line":1,"column":9},"end":{"line":1,"column":12}},"loc":{"start":{"line":1,"column":19},"end":{"line":22,"column":1}},"line":1}},"branchMap":{"0":{"loc":{"start":{"line":3,"column":4},"end":{"line":19,"column":5}},"type":"if","locations":[{"start":{"line":3,"column":4},"end":{"line":19,"column":5}},{"start":{"line":5,"column":11},"end":{"line":19,"column":5}}],"line":3},"1":{"loc":{"start":{"line":5,"column":11},"end":{"line":19,"column":5}},"type":"if","locations":[{"start":{"line":5,"column":11},"end":{"line":19,"column":5}},{"start":{"line":7,"column":11},"end":{"line":19,"column":5}}],"line":5},"2":{"loc":{"start":{"line":7,"column":11},"end":{"line":19,"column":5}},"type":"if","locations":[{"start":{"line":7,"column":11},"end":{"line":19,"column":5}},{"start":{"line":11,"column":11},"end":{"line":19,"column":5}}],"line":7},"3":{"loc":{"start":{"line":7,"column":15},"end":{"line":7,"column":29}},"type":"binary-expr","locations":[{"start":{"line":7,"column":15},"end":{"line":7,"column":20}},{"start":{"line":7,"column":24},"end":{"line":7,"column":29}}],"line":7},"4":{"loc":{"start":{"line":11,"column":11},"end":{"line":19,"column":5}},"type":"if","locations":[{"start":{"line":11,"column":11},"end":{"line":19,"column":5}},{"start":{"line":15,"column":11},"end":{"line":19,"column":5}}],"line":11},"5":{"loc":{"start":{"line":11,"column":15},"end":{"line":11,"column":29}},"type":"binary-expr","locations":[{"start":{"line":11,"column":15},"end":{"line":11,"column":20}},{"start":{"line":11,"column":24},"end":{"line":11,"column":29}}],"line":11}},"s":{"0":5,"1":5,"2":1,"3":4,"4":1,"5":3,"6":1,"7":1,"8":3,"9":2,"10":1,"11":1,"12":3,"13":1,"14":1,"15":2,"16":3,"17":1},"f":{"0":5},"b":{"0":[1,4],"1":[1,3],"2":[1,2],"3":[3,1],"4":[1,1],"5":[2,2]},"_coverageSchema":"1a1c01bbd47fc00a2c39e90264f33305004495a9","hash":"62813b738c02da9b91b0ab658422510f91954e27"}
}
